<?xml version="1.0" encoding="utf-8"?><testsuites name="pytest tests"><testsuite name="pytest" errors="0" failures="1" skipped="0" tests="34" time="4.854" timestamp="2026-09-22T06:31:13.145715+00:00" hostname="agent-env-117ea608-d081-4efd-b9bb-94e9c932d765"><testcase classname="tests.backend_test.TestDocuments" name="test_stats_imported" time="0.566" /><testcase classname="tests.backend_test.TestSheetsEndpoints" name="test_status_clean_state" time="0.648" /><testcase classname="tests.backend_test.TestDocuments" name="test_list_and_new_fields" time="0.098" /><testcase classname="tests.backend_test.TestSheetsEndpoints" name="test_status_unauth" time="0.136" /><testcase classname="tests.backend_test.TestDocuments" name="test_search_nakamura" time="0.061" /><testcase classname="tests.backend_test.TestDocuments" name="test_filter_skema" time="0.070" /><testcase classname="tests.backend_test.TestSheetsEndpoints" name="test_sa_upload_not_json" time="0.080" /><testcase classname="tests.backend_test.TestDocuments" name="test_ada_bogor_detail" time="0.062" /><testcase classname="tests.backend_test.TestDocuments" name="test_happy_time_paragon_sewa" time="0.062" /><testcase classname="tests.backend_test.TestSheetsEndpoints" name="test_sa_upload_wrong_type" time="0.106" /><testcase classname="tests.backend_test.TestDocuments" name="test_hybrid_crud" time="0.224" /><testcase classname="tests.backend_test.TestSheetsEndpoints" name="test_sa_upload_missing_client_email" time="0.070" /><testcase classname="tests.backend_test.TestSheetsEndpoints" name="test_config_without_sa" time="0.111" /><testcase classname="tests.backend_test.TestDocuments" name="test_backward_compat_crud" time="0.301" /><testcase classname="tests.backend_test.TestSheetsEndpoints" name="test_push_without_config" time="0.115" /><testcase classname="tests.backend_test.TestSheetsEndpoints" name="test_pull_without_config" time="0.069" /><testcase classname="tests.backend_test.TestAuth" name="test_root" time="0.160" /><testcase classname="tests.backend_test.TestDocuments" name="test_attachment_flow" time="0.777" /><testcase classname="tests.backend_test.TestAuth" name="test_me_unauth" time="0.109" /><testcase classname="tests.backend_test.TestAuth" name="test_login_bad_password" time="0.384" /><testcase classname="tests.backend_test.TestAuth" name="test_login_success" time="0.117" /><testcase classname="tests.backend_test.TestAuth" name="test_register_and_login" time="0.854" /><testcase classname="tests.backend_test.TestDocuments" name="test_documents_unauth" time="0.223" /><testcase classname="tests.backend_test.TestSortAndExport" name="test_list_sort_reminder_first" time="0.086"><failure message="AssertionError: Reminder document found after non-reminder — sort broken&#10;assert not True&#10; +  where True = any(&lt;generator object TestSortAndExport.test_list_sort_reminder_first.&lt;locals&gt;.&lt;genexpr&gt; at 0xf924a503eb20&gt;)">repo-new/backend/tests/backend_test.py:258: in test_list_sort_reminder_first
    assert not any(d["status"] in reminder_statuses for d in rest_docs), \
E   AssertionError: Reminder document found after non-reminder — sort broken
E   assert not True
E    +  where True = any(&lt;generator object TestSortAndExport.test_list_sort_reminder_first.&lt;locals&gt;.&lt;genexpr&gt; at 0xf924a503eb20&gt;)</failure></testcase><testcase classname="tests.backend_test.TestSortAndExport" name="test_export_excel_download" time="0.622" /><testcase classname="tests.backend_test.TestAuth" name="test_forgot_password_generic" time="0.365" /><testcase classname="tests.backend_test.TestSortAndExport" name="test_export_excel_reflects_edit" time="0.370" /><testcase classname="tests.backend_test.TestSheetsSyncRoundTrip" name="test_roundtrip_bagi_hasil" time="0.001" /><testcase classname="tests.backend_test.TestSheetsSyncRoundTrip" name="test_roundtrip_sewa" time="0.000" /><testcase classname="tests.backend_test.TestSheetsSyncRoundTrip" name="test_extract_sheet_id" time="0.000" /><testcase classname="tests.backend_test.TestSheetsSyncRoundTrip" name="test_skema_cell_hybrid" time="0.001" /><testcase classname="tests.backend_test.TestSortAndExport" name="test_export_excel_includes_new_doc" time="0.339" /><testcase classname="tests.backend_test.TestSortAndExport" name="test_export_excel_unauth" time="0.128" /><testcase classname="tests.backend_test.TestSortAndExport" name="test_status_filter_still_works_with_new_sort" time="0.067" /></testsuite></testsuites>