<?xml version="1.0" encoding="utf-8"?><testsuites name="pytest tests"><testsuite name="pytest" errors="0" failures="0" skipped="0" tests="27" time="8.031" timestamp="2026-09-23T09:44:30.144085+00:00" hostname="agent-env-52ddd1ca-d1de-4104-a656-d128b39fc1a0"><testcase classname="tests.backend_test" name="test_auth_me_admin" time="0.560" /><testcase classname="tests.backend_test" name="test_auth_login_wrong_password" time="0.345" /><testcase classname="tests.backend_test" name="test_auth_no_cookie_returns_401" time="0.116" /><testcase classname="tests.backend_test" name="test_employee_options_public" time="0.132" /><testcase classname="tests.backend_test" name="test_employee_login_success" time="0.492" /><testcase classname="tests.backend_test" name="test_employee_login_invalid_id" time="0.110" /><testcase classname="tests.backend_test" name="test_employee_login_not_found" time="0.136" /><testcase classname="tests.backend_test" name="test_employees_list" time="0.066" /><testcase classname="tests.backend_test" name="test_admin_create_simplified_employee_and_persist" time="0.492" /><testcase classname="tests.backend_test" name="test_employee_cannot_create_employee" time="0.174" /><testcase classname="tests.backend_test" name="test_attendance_flow_masuk_then_pulang" time="1.093" /><testcase classname="tests.backend_test" name="test_attendance_pulang_before_masuk_rejected" time="0.612" /><testcase classname="tests.backend_test" name="test_attendance_masuk_without_gps_still_works" time="0.684" /><testcase classname="tests.backend_test" name="test_admin_create_overtime_manual_and_calc" time="0.287" /><testcase classname="tests.backend_test" name="test_calc_split_via_api[08:30-16:30-480-0-8 Jam-0 Menit]" time="0.135" /><testcase classname="tests.backend_test" name="test_calc_split_via_api[07:00-18:00-480-180-8 Jam-3 Jam]" time="0.126" /><testcase classname="tests.backend_test" name="test_calc_split_via_api[17:00-21:30-0-270-0 Menit-4 Jam 30 Menit]" time="0.125" /><testcase classname="tests.backend_test" name="test_calc_split_via_api[22:00-02:00-0-240-0 Menit-4 Jam]" time="0.129" /><testcase classname="tests.backend_test" name="test_monthly_recap_overtime_label" time="0.196" /><testcase classname="tests.backend_test" name="test_export_csv_has_new_columns" time="0.070" /><testcase classname="tests.backend_test" name="test_employee_cannot_create_overtime" time="0.062" /><testcase classname="tests.backend_test" name="test_employee_list_only_own" time="0.193" /><testcase classname="tests.backend_test" name="test_export_csv_and_xlsx" time="0.234" /><testcase classname="tests.backend_test" name="test_stats" time="0.136" /><testcase classname="tests.backend_test" name="test_monthly_recap_default_current_month" time="0.111" /><testcase classname="tests.backend_test" name="test_monthly_recap_empty_month" time="0.073" /><testcase classname="tests.backend_test" name="test_logout" time="0.592" /></testsuite></testsuites>